{"D:\\DevSecOps-8th\\secure-cicd-devsecops\\app\\index.js": {"path":"D:\\DevSecOps-8th\\secure-cicd-devsecops\\app\\index.js","statementMap":{"0":{"start":{"line":1,"column":16},"end":{"line":1,"column":34}},"1":{"start":{"line":2,"column":19},"end":{"line":2,"column":41}},"2":{"start":{"line":4,"column":12},"end":{"line":4,"column":21}},"3":{"start":{"line":5,"column":0},"end":{"line":5,"column":27}},"4":{"start":{"line":7,"column":16},"end":{"line":7,"column":20}},"5":{"start":{"line":10,"column":0},"end":{"line":12,"column":3}},"6":{"start":{"line":11,"column":2},"end":{"line":11,"column":42}},"7":{"start":{"line":15,"column":0},"end":{"line":21,"column":3}},"8":{"start":{"line":16,"column":2},"end":{"line":20,"column":3}},"9":{"start":{"line":17,"column":4},"end":{"line":17,"column":48}},"10":{"start":{"line":19,"column":4},"end":{"line":19,"column":50}},"11":{"start":{"line":24,"column":0},"end":{"line":27,"column":3}},"12":{"start":{"line":25,"column":2},"end":{"line":25,"column":31}},"13":{"start":{"line":26,"column":2},"end":{"line":26,"column":35}},"14":{"start":{"line":30,"column":15},"end":{"line":49,"column":1}},"15":{"start":{"line":32,"column":4},"end":{"line":40,"column":5}},"16":{"start":{"line":39,"column":6},"end":{"line":39,"column":45}},"17":{"start":{"line":42,"column":4},"end":{"line":47,"column":7}},"18":{"start":{"line":43,"column":23},"end":{"line":46,"column":8}},"19":{"start":{"line":44,"column":8},"end":{"line":44,"column":66}},"20":{"start":{"line":45,"column":8},"end":{"line":45,"column":26}},"21":{"start":{"line":51,"column":0},"end":{"line":51,"column":33}},"22":{"start":{"line":54,"column":0},"end":{"line":56,"column":1}},"23":{"start":{"line":55,"column":2},"end":{"line":55,"column":21}}},"fnMap":{"0":{"name":"(anonymous_0)","decl":{"start":{"line":10,"column":13},"end":{"line":10,"column":14}},"loc":{"start":{"line":10,"column":27},"end":{"line":12,"column":1}},"line":10},"1":{"name":"(anonymous_1)","decl":{"start":{"line":15,"column":19},"end":{"line":15,"column":20}},"loc":{"start":{"line":15,"column":33},"end":{"line":21,"column":1}},"line":15},"2":{"name":"(anonymous_2)","decl":{"start":{"line":24,"column":27},"end":{"line":24,"column":28}},"loc":{"start":{"line":24,"column":41},"end":{"line":27,"column":1}},"line":24},"3":{"name":"(anonymous_3)","decl":{"start":{"line":31,"column":9},"end":{"line":31,"column":10}},"loc":{"start":{"line":31,"column":19},"end":{"line":48,"column":3}},"line":31},"4":{"name":"(anonymous_4)","decl":{"start":{"line":42,"column":23},"end":{"line":42,"column":24}},"loc":{"start":{"line":42,"column":36},"end":{"line":47,"column":5}},"line":42},"5":{"name":"(anonymous_5)","decl":{"start":{"line":43,"column":40},"end":{"line":43,"column":41}},"loc":{"start":{"line":43,"column":46},"end":{"line":46,"column":7}},"line":43}},"branchMap":{"0":{"loc":{"start":{"line":16,"column":2},"end":{"line":20,"column":3}},"type":"if","locations":[{"start":{"line":16,"column":2},"end":{"line":20,"column":3}},{"start":{"line":18,"column":9},"end":{"line":20,"column":3}}],"line":16},"1":{"loc":{"start":{"line":32,"column":4},"end":{"line":40,"column":5}},"type":"if","locations":[{"start":{"line":32,"column":4},"end":{"line":40,"column":5}},{"start":{},"end":{}}],"line":32},"2":{"loc":{"start":{"line":33,"column":6},"end":{"line":37,"column":29}},"type":"binary-expr","locations":[{"start":{"line":33,"column":6},"end":{"line":33,"column":30}},{"start":{"line":34,"column":6},"end":{"line":34,"column":17}},{"start":{"line":35,"column":6},"end":{"line":35,"column":15}},{"start":{"line":36,"column":6},"end":{"line":36,"column":19}},{"start":{"line":37,"column":6},"end":{"line":37,"column":29}}],"line":33},"3":{"loc":{"start":{"line":54,"column":0},"end":{"line":56,"column":1}},"type":"if","locations":[{"start":{"line":54,"column":0},"end":{"line":56,"column":1}},{"start":{},"end":{}}],"line":54}},"s":{"0":1,"1":1,"2":1,"3":1,"4":1,"5":1,"6":1,"7":1,"8":2,"9":1,"10":1,"11":1,"12":1,"13":1,"14":1,"15":13,"16":9,"17":4,"18":4,"19":4,"20":4,"21":1,"22":1,"23":0},"f":{"0":1,"1":2,"2":1,"3":13,"4":4,"5":4},"b":{"0":[1,1],"1":[9,4],"2":[13,8,8,6,5],"3":[0,1]},"_coverageSchema":"1a1c01bbd47fc00a2c39e90264f33305004495a9","hash":"ca06ed2239455c7dc148b525464aba55775278c5"}
,"D:\\DevSecOps-8th\\secure-cicd-devsecops\\app\\index.test.js": {"path":"D:\\DevSecOps-8th\\secure-cicd-devsecops\\app\\index.test.js","statementMap":{},"fnMap":{},"branchMap":{},"s":{},"f":{},"b":{}}
}
