TN:
SF:index.js
FN:10,(anonymous_0)
FN:15,(anonymous_1)
FN:24,(anonymous_2)
FN:31,(anonymous_3)
FN:42,(anonymous_4)
FN:43,(anonymous_5)
FNF:6
FNH:6
FNDA:1,(anonymous_0)
FNDA:2,(anonymous_1)
FNDA:1,(anonymous_2)
FNDA:13,(anonymous_3)
FNDA:4,(anonymous_4)
FNDA:4,(anonymous_5)
DA:1,1
DA:2,1
DA:4,1
DA:5,1
DA:7,1
DA:10,1
DA:11,1
DA:15,1
DA:16,2
DA:17,1
DA:19,1
DA:24,1
DA:25,1
DA:26,1
DA:30,1
DA:32,13
DA:39,9
DA:42,4
DA:43,4
DA:44,4
DA:45,4
DA:51,1
DA:54,1
DA:55,0
LF:24
LH:23
BRDA:16,0,0,1
BRDA:16,0,1,1
BRDA:32,1,0,9
BRDA:32,1,1,4
BRDA:33,2,0,13
BRDA:33,2,1,8
BRDA:33,2,2,8
BRDA:33,2,3,6
BRDA:33,2,4,5
BRDA:54,3,0,0
BRDA:54,3,1,1
BRF:11
BRH:10
end_of_record
TN:
SF:index.test.js
FNF:0
FNH:0
LF:0
LH:0
BRF:0
BRH:0
end_of_record
